{"/Users/amiller/code/home/csv-origami/lib/stream-wrapper.js":{"path":"/Users/amiller/code/home/csv-origami/lib/stream-wrapper.js","s":{"1":1,"2":1,"3":4,"4":4,"5":1,"6":1,"7":1,"8":1,"9":1},"b":{},"f":{"1":4,"2":1},"fnMap":{"1":{"name":"(anonymous_1)","line":11,"loc":{"start":{"line":11,"column":16},"end":{"line":11,"column":34}}},"2":{"name":"(anonymous_2)","line":25,"loc":{"start":{"line":25,"column":37},"end":{"line":25,"column":69}}}},"statementMap":{"1":{"start":{"line":1,"column":0},"end":{"line":4,"column":18}},"2":{"start":{"line":11,"column":0},"end":{"line":14,"column":2}},"3":{"start":{"line":12,"column":2},"end":{"line":12,"column":49}},"4":{"start":{"line":13,"column":2},"end":{"line":13,"column":40}},"5":{"start":{"line":15,"column":0},"end":{"line":15,"column":46}},"6":{"start":{"line":25,"column":0},"end":{"line":28,"column":2}},"7":{"start":{"line":26,"column":2},"end":{"line":26,"column":41}},"8":{"start":{"line":27,"column":2},"end":{"line":27,"column":9}},"9":{"start":{"line":30,"column":0},"end":{"line":30,"column":31}}},"branchMap":{}},"/Users/amiller/code/home/csv-origami/lib/csv-origami.js":{"path":"/Users/amiller/code/home/csv-origami/lib/csv-origami.js","s":{"1":1,"2":1,"3":15,"4":15,"5":15,"6":2,"7":1,"8":2,"9":1,"10":2,"11":1,"12":14,"13":14,"14":14,"15":14,"16":14,"17":4,"18":14,"19":1,"20":5,"21":5,"22":3,"23":3,"24":5,"25":10,"26":5,"27":1,"28":13,"29":13,"30":1,"31":12,"32":57,"33":57,"34":5,"35":52,"36":3,"37":3,"38":3,"39":57,"40":8,"41":8,"42":8,"43":13,"44":49,"45":12,"46":57,"47":57,"48":57,"49":12,"50":1,"51":5,"52":6,"53":3,"54":5,"55":3,"56":6,"57":5,"58":1,"59":63,"60":63,"61":33,"62":11,"63":33,"64":63,"65":1},"b":{"1":[15,5],"2":[2,13],"3":[1,1],"4":[2,1],"5":[1,1],"6":[1,1],"7":[14,6],"8":[14,12],"9":[14,6],"10":[3,2],"11":[1,12],"12":[13,12],"13":[5,52],"14":[3,49],"15":[52,46],"16":[8,49],"17":[8,0],"18":[3,3],"19":[11,22]},"f":{"1":15,"2":4,"3":5,"4":13,"5":57,"6":13,"7":5,"8":6,"9":3,"10":63,"11":33},"fnMap":{"1":{"name":"(anonymous_1)","line":17,"loc":{"start":{"line":17,"column":13},"end":{"line":17,"column":31}}},"2":{"name":"(anonymous_2)","line":46,"loc":{"start":{"line":46,"column":39},"end":{"line":46,"column":56}}},"3":{"name":"(anonymous_3)","line":59,"loc":{"start":{"line":59,"column":29},"end":{"line":59,"column":44}}},"4":{"name":"(anonymous_4)","line":93,"loc":{"start":{"line":93,"column":32},"end":{"line":93,"column":53}}},"5":{"name":"(anonymous_5)","line":121,"loc":{"start":{"line":121,"column":13},"end":{"line":121,"column":36}}},"6":{"name":"(anonymous_6)","line":137,"loc":{"start":{"line":137,"column":44},"end":{"line":137,"column":58}}},"7":{"name":"fixArrayColumns","line":169,"loc":{"start":{"line":169,"column":0},"end":{"line":169,"column":46}}},"8":{"name":"(anonymous_8)","line":174,"loc":{"start":{"line":174,"column":17},"end":{"line":174,"column":40}}},"9":{"name":"(anonymous_9)","line":180,"loc":{"start":{"line":180,"column":34},"end":{"line":180,"column":49}}},"10":{"name":"descendInto","line":217,"loc":{"start":{"line":217,"column":0},"end":{"line":217,"column":46}}},"11":{"name":"(anonymous_11)","line":222,"loc":{"start":{"line":222,"column":16},"end":{"line":222,"column":31}}}},"statementMap":{"1":{"start":{"line":1,"column":0},"end":{"line":1,"column":15}},"2":{"start":{"line":17,"column":0},"end":{"line":51,"column":2}},"3":{"start":{"line":18,"column":2},"end":{"line":19,"column":18}},"4":{"start":{"line":21,"column":2},"end":{"line":21,"column":26}},"5":{"start":{"line":23,"column":2},"end":{"line":35,"column":3}},"6":{"start":{"line":24,"column":4},"end":{"line":26,"column":5}},"7":{"start":{"line":25,"column":6},"end":{"line":25,"column":73}},"8":{"start":{"line":28,"column":4},"end":{"line":30,"column":5}},"9":{"start":{"line":29,"column":6},"end":{"line":29,"column":78}},"10":{"start":{"line":32,"column":4},"end":{"line":34,"column":5}},"11":{"start":{"line":33,"column":6},"end":{"line":33,"column":80}},"12":{"start":{"line":38,"column":2},"end":{"line":38,"column":25}},"13":{"start":{"line":39,"column":2},"end":{"line":39,"column":23}},"14":{"start":{"line":40,"column":2},"end":{"line":40,"column":46}},"15":{"start":{"line":42,"column":2},"end":{"line":44,"column":4}},"16":{"start":{"line":46,"column":2},"end":{"line":48,"column":5}},"17":{"start":{"line":47,"column":4},"end":{"line":47,"column":35}},"18":{"start":{"line":50,"column":2},"end":{"line":50,"column":62}},"19":{"start":{"line":59,"column":0},"end":{"line":78,"column":2}},"20":{"start":{"line":60,"column":2},"end":{"line":65,"column":10}},"21":{"start":{"line":68,"column":2},"end":{"line":71,"column":3}},"22":{"start":{"line":69,"column":4},"end":{"line":69,"column":27}},"23":{"start":{"line":70,"column":4},"end":{"line":70,"column":17}},"24":{"start":{"line":73,"column":2},"end":{"line":75,"column":3}},"25":{"start":{"line":74,"column":4},"end":{"line":74,"column":47}},"26":{"start":{"line":77,"column":2},"end":{"line":77,"column":50}},"27":{"start":{"line":93,"column":0},"end":{"line":153,"column":2}},"28":{"start":{"line":94,"column":2},"end":{"line":99,"column":15}},"29":{"start":{"line":101,"column":2},"end":{"line":103,"column":3}},"30":{"start":{"line":102,"column":4},"end":{"line":102,"column":62}},"31":{"start":{"line":121,"column":2},"end":{"line":143,"column":4}},"32":{"start":{"line":122,"column":4},"end":{"line":122,"column":30}},"33":{"start":{"line":124,"column":4},"end":{"line":131,"column":5}},"34":{"start":{"line":125,"column":6},"end":{"line":125,"column":27}},"35":{"start":{"line":126,"column":11},"end":{"line":131,"column":5}},"36":{"start":{"line":128,"column":6},"end":{"line":128,"column":27}},"37":{"start":{"line":129,"column":6},"end":{"line":129,"column":37}},"38":{"start":{"line":130,"column":6},"end":{"line":130,"column":38}},"39":{"start":{"line":133,"column":4},"end":{"line":142,"column":5}},"40":{"start":{"line":134,"column":6},"end":{"line":136,"column":7}},"41":{"start":{"line":135,"column":8},"end":{"line":135,"column":26}},"42":{"start":{"line":137,"column":6},"end":{"line":139,"column":9}},"43":{"start":{"line":138,"column":8},"end":{"line":138,"column":31}},"44":{"start":{"line":141,"column":6},"end":{"line":141,"column":26}},"45":{"start":{"line":145,"column":2},"end":{"line":150,"column":3}},"46":{"start":{"line":146,"column":4},"end":{"line":146,"column":29}},"47":{"start":{"line":147,"column":4},"end":{"line":147,"column":18}},"48":{"start":{"line":149,"column":4},"end":{"line":149,"column":45}},"49":{"start":{"line":152,"column":2},"end":{"line":152,"column":19}},"50":{"start":{"line":169,"column":0},"end":{"line":187,"column":1}},"51":{"start":{"line":174,"column":2},"end":{"line":178,"column":6}},"52":{"start":{"line":175,"column":6},"end":{"line":177,"column":7}},"53":{"start":{"line":176,"column":8},"end":{"line":176,"column":38}},"54":{"start":{"line":180,"column":2},"end":{"line":184,"column":5}},"55":{"start":{"line":181,"column":4},"end":{"line":183,"column":5}},"56":{"start":{"line":182,"column":6},"end":{"line":182,"column":46}},"57":{"start":{"line":186,"column":2},"end":{"line":186,"column":17}},"58":{"start":{"line":217,"column":0},"end":{"line":230,"column":1}},"59":{"start":{"line":218,"column":2},"end":{"line":220,"column":25}},"60":{"start":{"line":222,"column":2},"end":{"line":227,"column":5}},"61":{"start":{"line":223,"column":4},"end":{"line":225,"column":5}},"62":{"start":{"line":224,"column":6},"end":{"line":224,"column":24}},"63":{"start":{"line":226,"column":4},"end":{"line":226,"column":26}},"64":{"start":{"line":229,"column":2},"end":{"line":229,"column":25}},"65":{"start":{"line":238,"column":0},"end":{"line":238,"column":28}}},"branchMap":{"1":{"line":21,"type":"binary-expr","locations":[{"start":{"line":21,"column":12},"end":{"line":21,"column":19}},{"start":{"line":21,"column":23},"end":{"line":21,"column":25}}]},"2":{"line":23,"type":"if","locations":[{"start":{"line":23,"column":2},"end":{"line":23,"column":2}},{"start":{"line":23,"column":2},"end":{"line":23,"column":2}}]},"3":{"line":24,"type":"if","locations":[{"start":{"line":24,"column":4},"end":{"line":24,"column":4}},{"start":{"line":24,"column":4},"end":{"line":24,"column":4}}]},"4":{"line":24,"type":"binary-expr","locations":[{"start":{"line":24,"column":8},"end":{"line":24,"column":39}},{"start":{"line":24,"column":43},"end":{"line":24,"column":71}}]},"5":{"line":28,"type":"if","locations":[{"start":{"line":28,"column":4},"end":{"line":28,"column":4}},{"start":{"line":28,"column":4},"end":{"line":28,"column":4}}]},"6":{"line":32,"type":"if","locations":[{"start":{"line":32,"column":4},"end":{"line":32,"column":4}},{"start":{"line":32,"column":4},"end":{"line":32,"column":4}}]},"7":{"line":40,"type":"binary-expr","locations":[{"start":{"line":40,"column":17},"end":{"line":40,"column":32}},{"start":{"line":40,"column":36},"end":{"line":40,"column":45}}]},"8":{"line":43,"type":"binary-expr","locations":[{"start":{"line":43,"column":20},"end":{"line":43,"column":37}},{"start":{"line":43,"column":41},"end":{"line":43,"column":44}}]},"9":{"line":46,"type":"binary-expr","locations":[{"start":{"line":46,"column":3},"end":{"line":46,"column":23}},{"start":{"line":46,"column":27},"end":{"line":46,"column":29}}]},"10":{"line":68,"type":"if","locations":[{"start":{"line":68,"column":2},"end":{"line":68,"column":2}},{"start":{"line":68,"column":2},"end":{"line":68,"column":2}}]},"11":{"line":101,"type":"if","locations":[{"start":{"line":101,"column":2},"end":{"line":101,"column":2}},{"start":{"line":101,"column":2},"end":{"line":101,"column":2}}]},"12":{"line":101,"type":"binary-expr","locations":[{"start":{"line":101,"column":6},"end":{"line":101,"column":41}},{"start":{"line":101,"column":45},"end":{"line":101,"column":70}}]},"13":{"line":124,"type":"if","locations":[{"start":{"line":124,"column":4},"end":{"line":124,"column":4}},{"start":{"line":124,"column":4},"end":{"line":124,"column":4}}]},"14":{"line":126,"type":"if","locations":[{"start":{"line":126,"column":11},"end":{"line":126,"column":11}},{"start":{"line":126,"column":11},"end":{"line":126,"column":11}}]},"15":{"line":126,"type":"binary-expr","locations":[{"start":{"line":126,"column":15},"end":{"line":126,"column":43}},{"start":{"line":126,"column":47},"end":{"line":126,"column":76}}]},"16":{"line":133,"type":"if","locations":[{"start":{"line":133,"column":4},"end":{"line":133,"column":4}},{"start":{"line":133,"column":4},"end":{"line":133,"column":4}}]},"17":{"line":134,"type":"if","locations":[{"start":{"line":134,"column":6},"end":{"line":134,"column":6}},{"start":{"line":134,"column":6},"end":{"line":134,"column":6}}]},"18":{"line":175,"type":"if","locations":[{"start":{"line":175,"column":6},"end":{"line":175,"column":6}},{"start":{"line":175,"column":6},"end":{"line":175,"column":6}}]},"19":{"line":223,"type":"if","locations":[{"start":{"line":223,"column":4},"end":{"line":223,"column":4}},{"start":{"line":223,"column":4},"end":{"line":223,"column":4}}]}}},"/Users/amiller/code/home/csv-origami/index.js":{"path":"/Users/amiller/code/home/csv-origami/index.js","s":{"1":1,"2":1,"3":2,"4":2,"5":1,"6":1},"b":{"1":[2,1],"2":[1,1]},"f":{"1":2},"fnMap":{"1":{"name":"(anonymous_1)","line":11,"loc":{"start":{"line":11,"column":17},"end":{"line":11,"column":35}}}},"statementMap":{"1":{"start":{"line":1,"column":0},"end":{"line":3,"column":50}},"2":{"start":{"line":11,"column":0},"end":{"line":19,"column":2}},"3":{"start":{"line":12,"column":2},"end":{"line":12,"column":26}},"4":{"start":{"line":14,"column":2},"end":{"line":18,"column":3}},"5":{"start":{"line":15,"column":4},"end":{"line":15,"column":38}},"6":{"start":{"line":17,"column":4},"end":{"line":17,"column":35}}},"branchMap":{"1":{"line":12,"type":"binary-expr","locations":[{"start":{"line":12,"column":12},"end":{"line":12,"column":19}},{"start":{"line":12,"column":23},"end":{"line":12,"column":25}}]},"2":{"line":14,"type":"if","locations":[{"start":{"line":14,"column":2},"end":{"line":14,"column":2}},{"start":{"line":14,"column":2},"end":{"line":14,"column":2}}]}}}}