TN:
SF:/Users/amiller/code/home/csv-origami/lib/stream-wrapper.js
FN:11,(anonymous_1)
FN:25,(anonymous_2)
FNF:2
FNH:2
FNDA:4,(anonymous_1)
FNDA:1,(anonymous_2)
DA:1,1
DA:11,1
DA:12,4
DA:13,4
DA:15,1
DA:25,1
DA:26,1
DA:27,1
DA:30,1
LF:9
LH:9
BRF:0
BRH:0
end_of_record
TN:
SF:/Users/amiller/code/home/csv-origami/lib/csv-origami.js
FN:17,(anonymous_1)
FN:46,(anonymous_2)
FN:59,(anonymous_3)
FN:93,(anonymous_4)
FN:121,(anonymous_5)
FN:137,(anonymous_6)
FN:169,fixArrayColumns
FN:174,(anonymous_8)
FN:180,(anonymous_9)
FN:217,descendInto
FN:222,(anonymous_11)
FNF:11
FNH:11
FNDA:15,(anonymous_1)
FNDA:4,(anonymous_2)
FNDA:5,(anonymous_3)
FNDA:13,(anonymous_4)
FNDA:57,(anonymous_5)
FNDA:13,(anonymous_6)
FNDA:5,fixArrayColumns
FNDA:6,(anonymous_8)
FNDA:3,(anonymous_9)
FNDA:63,descendInto
FNDA:33,(anonymous_11)
DA:1,1
DA:17,1
DA:18,15
DA:21,15
DA:23,15
DA:24,2
DA:25,1
DA:28,2
DA:29,1
DA:32,2
DA:33,1
DA:38,14
DA:39,14
DA:40,14
DA:42,14
DA:46,14
DA:47,4
DA:50,14
DA:59,1
DA:60,5
DA:68,5
DA:69,3
DA:70,3
DA:73,5
DA:74,10
DA:77,5
DA:93,1
DA:94,13
DA:101,13
DA:102,1
DA:121,12
DA:122,57
DA:124,57
DA:125,5
DA:126,52
DA:128,3
DA:129,3
DA:130,3
DA:133,57
DA:134,8
DA:135,8
DA:137,8
DA:138,13
DA:141,49
DA:145,12
DA:146,57
DA:147,57
DA:149,57
DA:152,12
DA:169,1
DA:174,5
DA:175,6
DA:176,3
DA:180,5
DA:181,3
DA:182,6
DA:186,5
DA:217,1
DA:218,63
DA:222,63
DA:223,33
DA:224,11
DA:226,33
DA:229,63
DA:238,1
LF:65
LH:65
BRDA:21,1,0,15
BRDA:21,1,1,5
BRDA:23,2,0,2
BRDA:23,2,1,13
BRDA:24,3,0,1
BRDA:24,3,1,1
BRDA:24,4,0,2
BRDA:24,4,1,1
BRDA:28,5,0,1
BRDA:28,5,1,1
BRDA:32,6,0,1
BRDA:32,6,1,1
BRDA:40,7,0,14
BRDA:40,7,1,6
BRDA:43,8,0,14
BRDA:43,8,1,12
BRDA:46,9,0,14
BRDA:46,9,1,6
BRDA:68,10,0,3
BRDA:68,10,1,2
BRDA:101,11,0,1
BRDA:101,11,1,12
BRDA:101,12,0,13
BRDA:101,12,1,12
BRDA:124,13,0,5
BRDA:124,13,1,52
BRDA:126,14,0,3
BRDA:126,14,1,49
BRDA:126,15,0,52
BRDA:126,15,1,46
BRDA:133,16,0,8
BRDA:133,16,1,49
BRDA:134,17,0,8
BRDA:134,17,1,0
BRDA:175,18,0,3
BRDA:175,18,1,3
BRDA:223,19,0,11
BRDA:223,19,1,22
BRF:38
BRH:37
end_of_record
TN:
SF:/Users/amiller/code/home/csv-origami/index.js
FN:11,(anonymous_1)
FNF:1
FNH:1
FNDA:2,(anonymous_1)
DA:1,1
DA:11,1
DA:12,2
DA:14,2
DA:15,1
DA:17,1
LF:6
LH:6
BRDA:12,1,0,2
BRDA:12,1,1,1
BRDA:14,2,0,1
BRDA:14,2,1,1
BRF:4
BRH:4
end_of_record
